Sleep cycle started. Watching for idle...
Seeded: 6 images, 5 synapses
Cycle 1/8
  Light sleep — reviewing...
  REM — dreaming (intensity 3)...
    6 recombinations, 6 images
  Deep sleep — consolidating...
    Consolidated 0, pruned 0
Cycle 2/8
  Light sleep — reviewing...
  REM — dreaming (intensity 6)...
    6 recombinations, 6 images
  Deep sleep — consolidating...
    Consolidated 0, pruned 0
Cycle 3/8
  Light sleep — reviewing...
  REM — dreaming (intensity 9)...
    6 recombinations, 6 images
  Deep sleep — consolidating...
    Consolidated 0, pruned 0
Cycle 4/8
  Light sleep — reviewing...
  REM — dreaming (intensity 12)...
    6 recombinations, 6 images
  Deep sleep — consolidating...
    Consolidated 0, pruned 0
Cycle 5/8
  Light sleep — reviewing...
  REM — dreaming (intensity 15)...
    6 recombinations, 6 images
  Deep sleep — consolidating...
    Consolidated 0, pruned 0
Cycle 6/8
  Light sleep — reviewing...
  REM — dreaming (intensity 18)...
    6 recombinations, 6 images
  Deep sleep — consolidating...
    Consolidated 0, pruned 0
Cycle 7/8
  Light sleep — reviewing...
  REM — dreaming (intensity 20)...
    6 recombinations, 6 images
  Deep sleep — consolidating...
    Consolidated 0, pruned 0
Cycle 8/8
  Light sleep — reviewing...
  REM (lucid) — dreaming (intensity 20)...
    6 recombinations, 6 images
  Deep sleep — consolidating...
    Consolidated 0, pruned 0
Slept 496s, 8 cycles, 48 dream pulses (woke from deep)
Recovered 0/0 fatigue (alert)
Waking up.
